<?xml version="1.0" encoding="UTF-8" ?>
<testsuite errors="0" failures="0" hostname="Janderson_Jason" name="les.ejc.UsuarioTests" tests="8" time="3.438" timestamp="2011-03-13T04:03:30">
  <properties />
  <testcase classname="les.ejc.UsuarioTests" name="testPersistencia" time="2.36" />
  <testcase classname="les.ejc.UsuarioTests" name="testConstraints" time="0.359" />
  <testcase classname="les.ejc.UsuarioTests" name="testUnicidadeDeEmail" time="0.187" />
  <testcase classname="les.ejc.UsuarioTests" name="testNomeUsualAutomatico" time="0.094" />
  <testcase classname="les.ejc.UsuarioTests" name="testCriacaoLoginSenhaAutomatica" time="0.297" />
  <testcase classname="les.ejc.UsuarioTests" name="testEnvioDeEmailNotificandoLoginSenha" time="0.0" />
  <testcase classname="les.ejc.UsuarioTests" name="testAlteracaoDeSenha" time="0.078" />
  <testcase classname="les.ejc.UsuarioTests" name="testEnvioDeEmailNotificandoAniversario" time="0.016" />
  <system-out><![CDATA[--Output from testPersistencia--
--Output from testConstraints--
--Output from testUnicidadeDeEmail--
--Output from testNomeUsualAutomatico--
--Output from testCriacaoLoginSenhaAutomatica--
--Output from testEnvioDeEmailNotificandoLoginSenha--
--Output from testAlteracaoDeSenha--
--Output from testEnvioDeEmailNotificandoAniversario--
]]></system-out>
  <system-err><![CDATA[--Output from testPersistencia--
--Output from testConstraints--
--Output from testUnicidadeDeEmail--
--Output from testNomeUsualAutomatico--
--Output from testCriacaoLoginSenhaAutomatica--
--Output from testEnvioDeEmailNotificandoLoginSenha--
--Output from testAlteracaoDeSenha--
--Output from testEnvioDeEmailNotificandoAniversario--
]]></system-err>
</testsuite>
