<?xml version="1.0" encoding="UTF-8" ?>
<testsuite errors="0" failures="0" hostname="Janderson_Jason" name="les.ejc.EnderecoTests" tests="1" time="0.016" timestamp="2011-03-13T04:03:35">
  <properties />
  <testcase classname="les.ejc.EnderecoTests" name="testSomething" time="0.0" />
  <system-out><![CDATA[--Output from testSomething--
]]></system-out>
  <system-err><![CDATA[--Output from testSomething--
]]></system-err>
</testsuite>
