<?xml version="1.0" encoding="UTF-8" ?>
<testsuite errors="0" failures="0" hostname="lcc2-13" name="les.ejc.AniversarioJobTests" tests="1" time="0.01" timestamp="2011-03-14T15:45:20">
  <properties />
  <testcase classname="les.ejc.AniversarioJobTests" name="testSomething" time="0.0050" />
  <system-out><![CDATA[--Output from testSomething--
]]></system-out>
  <system-err><![CDATA[--Output from testSomething--
]]></system-err>
</testsuite>
