<?xml version="1.0" encoding="UTF-8" ?>
<testsuite errors="0" failures="0" hostname="Erickson-PC" name="les.ejc.EnderecoTests" tests="1" time="0.0070" timestamp="2011-03-15T22:33:34">
  <properties />
  <testcase classname="les.ejc.EnderecoTests" name="testSomething" time="0.0030" />
  <system-out><![CDATA[--Output from testSomething--
]]></system-out>
  <system-err><![CDATA[--Output from testSomething--
]]></system-err>
</testsuite>
