<?xml version="1.0" encoding="UTF-8" ?>
<testsuite errors="0" failures="0" hostname="Erickson-PC" name="les.ejc.AniversarioJobTests" tests="1" time="0.16" timestamp="2011-03-15T22:33:33">
  <properties />
  <testcase classname="les.ejc.AniversarioJobTests" name="testSomething" time="0.143" />
  <system-out><![CDATA[--Output from testSomething--
]]></system-out>
  <system-err><![CDATA[--Output from testSomething--
]]></system-err>
</testsuite>
