<?xml version="1.0" encoding="UTF-8" ?>
<testsuite errors="0" failures="0" hostname="Janderson_Jason" name="les.ejc.UsuarioTests" tests="8" time="9.188" timestamp="2011-03-13T17:07:11">
  <properties />
  <testcase classname="les.ejc.UsuarioTests" name="testPersistencia" time="7.703" />
  <testcase classname="les.ejc.UsuarioTests" name="testConstraints" time="0.656" />
  <testcase classname="les.ejc.UsuarioTests" name="testUnicidadeDeEmail" time="0.172" />
  <testcase classname="les.ejc.UsuarioTests" name="testNomeUsualAutomatico" time="0.11" />
  <testcase classname="les.ejc.UsuarioTests" name="testCriacaoLoginSenhaAutomatica" time="0.281" />
  <testcase classname="les.ejc.UsuarioTests" name="testEnvioDeEmailNotificandoLoginSenha" time="0.016" />
  <testcase classname="les.ejc.UsuarioTests" name="testAlteracaoDeSenha" time="0.109" />
  <testcase classname="les.ejc.UsuarioTests" name="testEnvioDeEmailNotificandoAniversario" time="0.0" />
  <system-out><![CDATA[--Output from testPersistencia--
--Output from testConstraints--
--Output from testUnicidadeDeEmail--
--Output from testNomeUsualAutomatico--
--Output from testCriacaoLoginSenhaAutomatica--
--Output from testEnvioDeEmailNotificandoLoginSenha--
--Output from testAlteracaoDeSenha--
--Output from testEnvioDeEmailNotificandoAniversario--
]]></system-out>
  <system-err><![CDATA[--Output from testPersistencia--
--Output from testConstraints--
--Output from testUnicidadeDeEmail--
--Output from testNomeUsualAutomatico--
--Output from testCriacaoLoginSenhaAutomatica--
--Output from testEnvioDeEmailNotificandoLoginSenha--
--Output from testAlteracaoDeSenha--
--Output from testEnvioDeEmailNotificandoAniversario--
]]></system-err>
</testsuite>
