<?xml version="1.0" encoding="UTF-8" ?>
<testsuite errors="0" failures="0" hostname="Janderson_Jason" name="les.ejc.UsuarioTests" tests="10" time="6.547" timestamp="2011-03-14T04:23:44">
  <properties />
  <testcase classname="les.ejc.UsuarioTests" name="testPersistencia" time="3.953" />
  <testcase classname="les.ejc.UsuarioTests" name="testConstraints" time="0.828" />
  <testcase classname="les.ejc.UsuarioTests" name="testUnicidadeDeEmail" time="0.531" />
  <testcase classname="les.ejc.UsuarioTests" name="testRemocaoUsuario" time="0.25" />
  <testcase classname="les.ejc.UsuarioTests" name="testAtualizacaoDadosUsuario" time="0.328" />
  <testcase classname="les.ejc.UsuarioTests" name="testNomeUsualAutomatico" time="0.219" />
  <testcase classname="les.ejc.UsuarioTests" name="testCriacaoLoginSenhaAutomatica" time="0.234" />
  <testcase classname="les.ejc.UsuarioTests" name="testEnvioDeEmailNotificandoLoginSenha" time="0.0" />
  <testcase classname="les.ejc.UsuarioTests" name="testAlteracaoDeSenha" time="0.062" />
  <testcase classname="les.ejc.UsuarioTests" name="testEnvioDeEmailNotificandoAniversario" time="0.016" />
  <system-out><![CDATA[--Output from testPersistencia--
--Output from testConstraints--
--Output from testUnicidadeDeEmail--
--Output from testRemocaoUsuario--
--Output from testAtualizacaoDadosUsuario--
--Output from testNomeUsualAutomatico--
--Output from testCriacaoLoginSenhaAutomatica--
--Output from testEnvioDeEmailNotificandoLoginSenha--
--Output from testAlteracaoDeSenha--
--Output from testEnvioDeEmailNotificandoAniversario--
]]></system-out>
  <system-err><![CDATA[--Output from testPersistencia--
--Output from testConstraints--
--Output from testUnicidadeDeEmail--
--Output from testRemocaoUsuario--
--Output from testAtualizacaoDadosUsuario--
--Output from testNomeUsualAutomatico--
--Output from testCriacaoLoginSenhaAutomatica--
--Output from testEnvioDeEmailNotificandoLoginSenha--
--Output from testAlteracaoDeSenha--
--Output from testEnvioDeEmailNotificandoAniversario--
]]></system-err>
</testsuite>
