<?xml version="1.0" encoding="UTF-8" ?>
<testsuite errors="0" failures="0" hostname="Janderson_Jason" name="les.ejc.EnderecoControllerTests" tests="1" time="1.484" timestamp="2011-03-13T04:03:34">
  <properties />
  <testcase classname="les.ejc.EnderecoControllerTests" name="testSomething" time="1.484" />
  <system-out><![CDATA[--Output from testSomething--
]]></system-out>
  <system-err><![CDATA[--Output from testSomething--
]]></system-err>
</testsuite>
