<?xml version="1.0" encoding="UTF-8" ?>
<testsuite errors="0" failures="0" hostname="Janderson_Jason" name="les.ejc.AniversarioJobTests" tests="1" time="1.735" timestamp="2011-03-13T17:07:08">
  <properties />
  <testcase classname="les.ejc.AniversarioJobTests" name="testSomething" time="1.61" />
  <system-out><![CDATA[--Output from testSomething--
]]></system-out>
  <system-err><![CDATA[--Output from testSomething--
]]></system-err>
</testsuite>
