<?xml version="1.0" encoding="UTF-8" ?>
<testsuite errors="0" failures="0" hostname="lcc2-17" name="les.ejc.EnderecoTests" tests="1" time="0.301" timestamp="2011-03-14T16:59:16">
  <properties />
  <testcase classname="les.ejc.EnderecoTests" name="testSomething" time="0.271" />
  <system-out><![CDATA[--Output from testSomething--
]]></system-out>
  <system-err><![CDATA[--Output from testSomething--
]]></system-err>
</testsuite>
